[0719/134415.125:ERROR:os_crypt_win.cc(93)] Failed to decrypt: Key not valid for use in specified state. (0x8009000B)
[0719/134415.647:ERROR:backend_impl.cc(1041)] Critical error found -8
[0719/134415.647:ERROR:entry_impl.cc(1075)] No file for c1030006
[0719/134415.647:WARNING:storage_block-inl.h(146)] Failed data load.
[0719/134415.647:WARNING:storage_block-inl.h(146)] Failed data load.
[0719/134415.647:WARNING:storage_block-inl.h(146)] Failed data load.
[0719/134415.647:WARNING:storage_block-inl.h(146)] Failed data load.
[0719/134415.647:ERROR:entry_impl.cc(1075)] No file for c1030004
[0719/134415.647:WARNING:storage_block-inl.h(146)] Failed data load.
[0719/134415.647:WARNING:storage_block-inl.h(146)] Failed data load.
[0719/134415.648:WARNING:storage_block-inl.h(146)] Failed data load.
[0719/134415.648:WARNING:storage_block-inl.h(146)] Failed data load.
[0719/134415.648:ERROR:entry_impl.cc(1075)] No file for c1030008
[0719/134415.648:WARNING:storage_block-inl.h(146)] Failed data load.
[0719/134415.648:WARNING:storage_block-inl.h(146)] Failed data load.
[0719/134415.651:WARNING:storage_block-inl.h(146)] Failed data load.
[0719/134417.975:WARNING:value_store_frontend.cc(45)] Reading mhjfbmdgcfjbbpaeojofohoefgiehjai.alarms from  failed: IO error: .../MANIFEST-000001: Unable to create sequential file (ChromeMethodBFE: 7::NewSequentialFile::1)
[0719/134513.119:WARNING:used_ids.h(55)] Duplicate id found. Reassigning from 104 to 127
[0719/134513.119:WARNING:used_ids.h(55)] Duplicate id found. Reassigning from 102 to 125
[0719/134513.119:WARNING:used_ids.h(55)] Duplicate id found. Reassigning from 104 to 124
[0719/134513.119:WARNING:used_ids.h(55)] Duplicate id found. Reassigning from 106 to 123
[0719/134513.119:WARNING:used_ids.h(55)] Duplicate id found. Reassigning from 110 to 122
[0719/134513.120:WARNING:used_ids.h(55)] Duplicate id found. Reassigning from 103 to 121
[0719/134513.120:WARNING:used_ids.h(55)] Duplicate id found. Reassigning from 105 to 120
[0719/134513.120:WARNING:used_ids.h(55)] Duplicate id found. Reassigning from 111 to 119
[0719/134513.120:WARNING:used_ids.h(55)] Duplicate id found. Reassigning from 1 to 14
[0719/134513.120:WARNING:used_ids.h(55)] Duplicate id found. Reassigning from 3 to 13
[0719/134513.120:WARNING:used_ids.h(55)] Duplicate id found. Reassigning from 5 to 12
[0719/134513.120:WARNING:used_ids.h(55)] Duplicate id found. Reassigning from 6 to 11
[0719/134513.121:ERROR:audio_rtp_receiver.cc(88)] AudioRtpReceiver::OnSetVolume: No audio channel exists.
[0719/134513.411:ERROR:sandbox_origin_database.cc(190)] SandboxOriginDatabase failed at: Init@../../storage/browser/file_system/sandbox_origin_database.cc:94 with error: IO error: C:/Users/igfxd/OneDrive/Documents/Unreal Projects/Morrigan/MorriganHall/MorriganHall 5.2/Saved/webcache_4430\File System\Origins/MANIFEST-000001: Unable to create sequential file (ChromeMethodBFE: 7::NewSequentialFile::1)
[0719/134513.411:WARNING:sandbox_origin_database.cc(106)] Attempting to repair SandboxOriginDatabase.
[0719/134513.444:WARNING:sandbox_origin_database.cc(113)] Repairing SandboxOriginDatabase completed.
[0719/134518.612:ERROR:leveldb_factory.cc(91)] Failed to open LevelDB database from C:/Users/igfxd/OneDrive/Documents/Unreal Projects/Morrigan/MorriganHall/MorriganHall 5.2/Saved/webcache_4430\IndexedDB\https_www.youtube-nocookie.com_0.indexeddb.leveldb,IO error: C:/Users/igfxd/OneDrive/Documents/Unreal Projects/Morrigan/MorriganHall/MorriganHall 5.2/Saved/webcache_4430\IndexedDB\https_www.youtube-nocookie.com_0.indexeddb.leveldb/MANIFEST-000001: Unable to create sequential file (ChromeMethodBFE: 7::NewSequentialFile::1)
[0719/134518.620:ERROR:leveldb_factory.cc(91)] Failed to open LevelDB database from C:/Users/igfxd/OneDrive/Documents/Unreal Projects/Morrigan/MorriganHall/MorriganHall 5.2/Saved/webcache_4430\IndexedDB\https_www.youtube-nocookie.com_0.indexeddb.leveldb,IO error: C:/Users/igfxd/OneDrive/Documents/Unreal Projects/Morrigan/MorriganHall/MorriganHall 5.2/Saved/webcache_4430\IndexedDB\https_www.youtube-nocookie.com_0.indexeddb.leveldb/MANIFEST-000001: Unable to create sequential file (ChromeMethodBFE: 7::NewSequentialFile::1)
[0719/134615.462:ERROR:gpu_init.cc(426)] Passthrough is not supported, GL is disabled
