<<<<<<< Updated upstream
[0801/182610.289:ERROR:os_crypt_win.cc(93)] Failed to decrypt: Key not valid for use in specified state. (0x8009000B)
[0801/182621.124:ERROR:backend_impl.cc(1041)] Critical error found -8
[0801/182621.130:ERROR:entry_impl.cc(1075)] No file for c1030214
[0801/182621.131:WARNING:storage_block-inl.h(146)] Failed data load.
[0801/182621.131:WARNING:storage_block-inl.h(146)] Failed data load.
[0801/182621.131:WARNING:storage_block-inl.h(146)] Failed data load.
[0801/182621.131:WARNING:storage_block-inl.h(146)] Failed data load.
[0801/182621.131:ERROR:entry_impl.cc(1075)] No file for c1030122
[0801/182621.131:WARNING:storage_block-inl.h(146)] Failed data load.
[0801/182621.131:WARNING:storage_block-inl.h(146)] Failed data load.
[0801/182621.131:WARNING:storage_block-inl.h(146)] Failed data load.
[0801/182621.131:WARNING:storage_block-inl.h(146)] Failed data load.
[0801/182621.131:ERROR:entry_impl.cc(1075)] No file for c1030216
[0801/182621.146:WARNING:storage_block-inl.h(146)] Failed data load.
[0801/182621.146:WARNING:storage_block-inl.h(146)] Failed data load.
[0801/182621.170:WARNING:storage_block-inl.h(146)] Failed data load.
[0801/182624.781:WARNING:value_store_frontend.cc(45)] Reading mhjfbmdgcfjbbpaeojofohoefgiehjai.alarms from  failed: IO error: .../MANIFEST-000001: Unable to create sequential file (ChromeMethodBFE: 7::NewSequentialFile::1)
[0801/182810.872:ERROR:gpu_init.cc(426)] Passthrough is not supported, GL is disabled
[0801/182836.479:ERROR:leveldb_factory.cc(91)] Failed to open LevelDB database from E:/Game Projects/Morrigan Hall Github/MorriganHall/MorriganHall 5.2/Saved/webcache_4430\IndexedDB\https_www.youtube-nocookie.com_0.indexeddb.leveldb,IO error: E:/Game Projects/Morrigan Hall Github/MorriganHall/MorriganHall 5.2/Saved/webcache_4430\IndexedDB\https_www.youtube-nocookie.com_0.indexeddb.leveldb/MANIFEST-000001: Unable to create sequential file (ChromeMethodBFE: 7::NewSequentialFile::1)
[0801/182836.483:ERROR:leveldb_factory.cc(91)] Failed to open LevelDB database from E:/Game Projects/Morrigan Hall Github/MorriganHall/MorriganHall 5.2/Saved/webcache_4430\IndexedDB\https_www.youtube-nocookie.com_0.indexeddb.leveldb,IO error: E:/Game Projects/Morrigan Hall Github/MorriganHall/MorriganHall 5.2/Saved/webcache_4430\IndexedDB\https_www.youtube-nocookie.com_0.indexeddb.leveldb/MANIFEST-000001: Unable to create sequential file (ChromeMethodBFE: 7::NewSequentialFile::1)
[0801/182836.914:ERROR:sandbox_origin_database.cc(190)] SandboxOriginDatabase failed at: Init@../../storage/browser/file_system/sandbox_origin_database.cc:94 with error: IO error: E:/Game Projects/Morrigan Hall Github/MorriganHall/MorriganHall 5.2/Saved/webcache_4430\File System\Origins/MANIFEST-000001: Unable to create sequential file (ChromeMethodBFE: 7::NewSequentialFile::1)
[0801/182836.914:WARNING:sandbox_origin_database.cc(106)] Attempting to repair SandboxOriginDatabase.
[0801/182836.977:WARNING:sandbox_origin_database.cc(113)] Repairing SandboxOriginDatabase completed.
=======
[0802/123611.902:WARNING:value_store_frontend.cc(45)] Reading mhjfbmdgcfjbbpaeojofohoefgiehjai.alarms from  failed: IO error: .../MANIFEST-000001: Unable to create sequential file (ChromeMethodBFE: 7::NewSequentialFile::1)
[0802/123809.530:ERROR:gpu_init.cc(426)] Passthrough is not supported, GL is disabled
>>>>>>> Stashed changes
