[0701/152753.972:WARNING:value_store_frontend.cc(45)] Reading mhjfbmdgcfjbbpaeojofohoefgiehjai.alarms from  failed: IO error: .../MANIFEST-000001: Unable to create sequential file (ChromeMethodBFE: 7::NewSequentialFile::1)
[0701/152949.815:ERROR:gpu_init.cc(426)] Passthrough is not supported, GL is disabled
[0701/200055.838:ERROR:backend_impl.cc(1041)] Critical error found -8
[0701/200055.933:WARNING:storage_block-inl.h(146)] Failed data load.
[0701/200055.933:WARNING:storage_block-inl.h(146)] Failed data load.
[0701/200055.933:WARNING:storage_block-inl.h(146)] Failed data load.
[0701/200055.933:WARNING:storage_block-inl.h(146)] Failed data load.
[0701/200055.952:WARNING:storage_block-inl.h(146)] Failed data load.
[0701/200055.952:WARNING:storage_block-inl.h(146)] Failed data load.
[0701/200055.971:WARNING:storage_block-inl.h(146)] Failed data load.
[0701/200055.972:WARNING:storage_block-inl.h(146)] Failed data load.
[0701/200055.972:ERROR:entry_impl.cc(998)] Failed to save user data
[0701/200133.874:WARNING:used_ids.h(55)] Duplicate id found. Reassigning from 104 to 127
[0701/200133.875:WARNING:used_ids.h(55)] Duplicate id found. Reassigning from 102 to 125
[0701/200133.875:WARNING:used_ids.h(55)] Duplicate id found. Reassigning from 104 to 124
[0701/200133.875:WARNING:used_ids.h(55)] Duplicate id found. Reassigning from 106 to 123
[0701/200133.875:WARNING:used_ids.h(55)] Duplicate id found. Reassigning from 110 to 122
[0701/200133.875:WARNING:used_ids.h(55)] Duplicate id found. Reassigning from 103 to 121
[0701/200133.875:WARNING:used_ids.h(55)] Duplicate id found. Reassigning from 105 to 120
[0701/200133.875:WARNING:used_ids.h(55)] Duplicate id found. Reassigning from 111 to 119
[0701/200133.875:WARNING:used_ids.h(55)] Duplicate id found. Reassigning from 1 to 14
[0701/200133.875:WARNING:used_ids.h(55)] Duplicate id found. Reassigning from 3 to 13
[0701/200133.875:WARNING:used_ids.h(55)] Duplicate id found. Reassigning from 5 to 12
[0701/200133.875:WARNING:used_ids.h(55)] Duplicate id found. Reassigning from 6 to 11
[0701/200133.877:ERROR:audio_rtp_receiver.cc(88)] AudioRtpReceiver::OnSetVolume: No audio channel exists.
