[0630/180958.369:ERROR:os_crypt_win.cc(93)] Failed to decrypt: Key not valid for use in specified state. (0x8009000B)
[0630/181001.273:ERROR:backend_impl.cc(1041)] Critical error found -8
[0630/181001.274:WARNING:storage_block-inl.h(146)] Failed data load.
[0630/181001.274:WARNING:storage_block-inl.h(146)] Failed data load.
[0630/181001.274:ERROR:entry_impl.cc(1075)] No file for c10300dc
[0630/181001.274:WARNING:storage_block-inl.h(146)] Failed data load.
[0630/181001.274:WARNING:storage_block-inl.h(146)] Failed data load.
[0630/181001.274:WARNING:storage_block-inl.h(146)] Failed data load.
[0630/181001.274:WARNING:storage_block-inl.h(146)] Failed data load.
[0630/181001.274:ERROR:entry_impl.cc(1075)] No file for c10300da
[0630/181001.275:WARNING:storage_block-inl.h(146)] Failed data load.
[0630/181001.275:WARNING:storage_block-inl.h(146)] Failed data load.
[0630/181001.275:WARNING:storage_block-inl.h(146)] Failed data load.
[0630/181001.275:WARNING:storage_block-inl.h(146)] Failed data load.
[0630/181001.275:ERROR:entry_impl.cc(1075)] No file for c10300de
[0630/181001.275:WARNING:storage_block-inl.h(146)] Failed data load.
[0630/181001.275:WARNING:storage_block-inl.h(146)] Failed data load.
[0630/181001.275:WARNING:storage_block-inl.h(146)] Failed data load.
[0630/181001.275:WARNING:storage_block-inl.h(146)] Failed data load.
[0630/181001.275:ERROR:entry_impl.cc(1075)] No file for c10300e0
[0630/181001.275:WARNING:storage_block-inl.h(146)] Failed data load.
[0630/181001.275:WARNING:storage_block-inl.h(146)] Failed data load.
[0630/181001.275:WARNING:storage_block-inl.h(146)] Failed data load.
[0630/181001.275:WARNING:storage_block-inl.h(146)] Failed data load.
[0630/181001.275:ERROR:entry_impl.cc(1075)] No file for c10300e2
[0630/181001.275:WARNING:storage_block-inl.h(146)] Failed data load.
[0630/181001.275:WARNING:storage_block-inl.h(146)] Failed data load.
[0630/181001.275:WARNING:storage_block-inl.h(146)] Failed data load.
[0630/181001.275:WARNING:storage_block-inl.h(146)] Failed data load.
[0630/181001.275:WARNING:storage_block-inl.h(146)] Failed data load.
[0630/181008.635:WARNING:value_store_frontend.cc(45)] Reading mhjfbmdgcfjbbpaeojofohoefgiehjai.alarms from  failed: IO error: .../MANIFEST-000001: Unable to create sequential file (ChromeMethodBFE: 7::NewSequentialFile::1)
[0630/181158.734:ERROR:gpu_init.cc(426)] Passthrough is not supported, GL is disabled
