[0628/144518.114:ERROR:backend_impl.cc(1041)] Critical error found -8
[0628/144518.115:ERROR:entry_impl.cc(1075)] No file for c1030104
[0628/144518.115:WARNING:storage_block-inl.h(146)] Failed data load.
[0628/144518.115:WARNING:storage_block-inl.h(146)] Failed data load.
[0628/144518.115:WARNING:storage_block-inl.h(146)] Failed data load.
[0628/144518.116:WARNING:storage_block-inl.h(146)] Failed data load.
[0628/144518.116:ERROR:entry_impl.cc(1075)] No file for c10300ea
[0628/144518.116:WARNING:storage_block-inl.h(146)] Failed data load.
[0628/144518.116:WARNING:storage_block-inl.h(146)] Failed data load.
[0628/144518.116:WARNING:storage_block-inl.h(146)] Failed data load.
[0628/144518.116:WARNING:storage_block-inl.h(146)] Failed data load.
[0628/144518.116:ERROR:entry_impl.cc(1075)] No file for c1030102
[0628/144518.116:WARNING:storage_block-inl.h(146)] Failed data load.
[0628/144518.116:WARNING:storage_block-inl.h(146)] Failed data load.
[0628/144518.116:WARNING:storage_block-inl.h(146)] Failed data load.
[0628/144518.116:WARNING:storage_block-inl.h(146)] Failed data load.
[0628/144518.116:ERROR:entry_impl.cc(1075)] No file for c1030106
[0628/144518.116:WARNING:storage_block-inl.h(146)] Failed data load.
[0628/144518.116:WARNING:storage_block-inl.h(146)] Failed data load.
[0628/144518.116:WARNING:storage_block-inl.h(146)] Failed data load.
[0628/144518.116:WARNING:storage_block-inl.h(146)] Failed data load.
[0628/144518.116:ERROR:entry_impl.cc(1075)] No file for c1030108
[0628/144518.117:WARNING:storage_block-inl.h(146)] Failed data load.
[0628/144518.117:WARNING:storage_block-inl.h(146)] Failed data load.
[0628/144518.117:WARNING:storage_block-inl.h(146)] Failed data load.
[0628/144518.117:WARNING:storage_block-inl.h(146)] Failed data load.
[0628/144518.117:WARNING:storage_block-inl.h(146)] Failed data load.
[0628/144525.087:WARNING:value_store_frontend.cc(45)] Reading mhjfbmdgcfjbbpaeojofohoefgiehjai.alarms from  failed: IO error: .../MANIFEST-000001: Unable to create sequential file (ChromeMethodBFE: 7::NewSequentialFile::1)
[0628/144716.802:ERROR:gpu_init.cc(426)] Passthrough is not supported, GL is disabled
