[0516/114140.182:ERROR:os_crypt_win.cc(93)] Failed to decrypt: Key not valid for use in specified state. (0x8009000B)
[0516/114148.315:WARNING:value_store_frontend.cc(45)] Reading mhjfbmdgcfjbbpaeojofohoefgiehjai.alarms from  failed: IO error: .../MANIFEST-000001: Unable to create sequential file (ChromeMethodBFE: 7::NewSequentialFile::1)
[0516/114340.519:ERROR:gpu_init.cc(426)] Passthrough is not supported, GL is disabled
[0516/144933.328:WARNING:used_ids.h(55)] Duplicate id found. Reassigning from 104 to 127
[0516/144933.328:WARNING:used_ids.h(55)] Duplicate id found. Reassigning from 102 to 125
[0516/144933.329:WARNING:used_ids.h(55)] Duplicate id found. Reassigning from 104 to 124
[0516/144933.329:WARNING:used_ids.h(55)] Duplicate id found. Reassigning from 106 to 123
[0516/144933.329:WARNING:used_ids.h(55)] Duplicate id found. Reassigning from 110 to 122
[0516/144933.329:WARNING:used_ids.h(55)] Duplicate id found. Reassigning from 103 to 121
[0516/144933.329:WARNING:used_ids.h(55)] Duplicate id found. Reassigning from 105 to 120
[0516/144933.329:WARNING:used_ids.h(55)] Duplicate id found. Reassigning from 111 to 119
[0516/144933.329:WARNING:used_ids.h(55)] Duplicate id found. Reassigning from 1 to 14
[0516/144933.329:WARNING:used_ids.h(55)] Duplicate id found. Reassigning from 3 to 13
[0516/144933.329:WARNING:used_ids.h(55)] Duplicate id found. Reassigning from 5 to 12
[0516/144933.329:WARNING:used_ids.h(55)] Duplicate id found. Reassigning from 6 to 11
[0516/144933.331:ERROR:audio_rtp_receiver.cc(88)] AudioRtpReceiver::OnSetVolume: No audio channel exists.
[0516/144940.178:WARNING:used_ids.h(55)] Duplicate id found. Reassigning from 104 to 127
[0516/144940.178:WARNING:used_ids.h(55)] Duplicate id found. Reassigning from 102 to 125
[0516/144940.178:WARNING:used_ids.h(55)] Duplicate id found. Reassigning from 104 to 124
[0516/144940.178:WARNING:used_ids.h(55)] Duplicate id found. Reassigning from 106 to 123
[0516/144940.178:WARNING:used_ids.h(55)] Duplicate id found. Reassigning from 110 to 122
[0516/144940.178:WARNING:used_ids.h(55)] Duplicate id found. Reassigning from 103 to 121
[0516/144940.178:WARNING:used_ids.h(55)] Duplicate id found. Reassigning from 105 to 120
[0516/144940.178:WARNING:used_ids.h(55)] Duplicate id found. Reassigning from 111 to 119
[0516/144940.178:WARNING:used_ids.h(55)] Duplicate id found. Reassigning from 1 to 14
[0516/144940.178:WARNING:used_ids.h(55)] Duplicate id found. Reassigning from 3 to 13
[0516/144940.178:WARNING:used_ids.h(55)] Duplicate id found. Reassigning from 5 to 12
[0516/144940.178:WARNING:used_ids.h(55)] Duplicate id found. Reassigning from 6 to 11
[0516/144940.178:ERROR:audio_rtp_receiver.cc(88)] AudioRtpReceiver::OnSetVolume: No audio channel exists.
[0516/144942.828:WARNING:spdy_session.cc(3431)] Received HEADERS for invalid stream 45
