[0625/150543.100:ERROR:os_crypt_win.cc(93)] Failed to decrypt: Key not valid for use in specified state. (0x8009000B)
[0625/150545.684:ERROR:backend_impl.cc(1041)] Critical error found -8
[0625/150545.797:WARNING:storage_block-inl.h(146)] Failed data load.
[0625/150545.797:WARNING:storage_block-inl.h(146)] Failed data load.
[0625/150545.797:WARNING:storage_block-inl.h(146)] Failed data load.
[0625/150545.798:WARNING:storage_block-inl.h(146)] Failed data load.
[0625/150545.800:WARNING:storage_block-inl.h(146)] Failed data load.
[0625/150545.801:WARNING:storage_block-inl.h(146)] Failed data load.
[0625/150545.802:ERROR:entry_impl.cc(998)] Failed to save user data
[0625/150545.802:ERROR:entry_impl.cc(998)] Failed to save user data
[0625/150547.179:WARNING:value_store_frontend.cc(45)] Reading mhjfbmdgcfjbbpaeojofohoefgiehjai.alarms from  failed: IO error: .../MANIFEST-000001: Unable to create sequential file (ChromeMethodBFE: 7::NewSequentialFile::1)
[0625/150634.650:WARNING:used_ids.h(55)] Duplicate id found. Reassigning from 104 to 127
[0625/150634.650:WARNING:used_ids.h(55)] Duplicate id found. Reassigning from 102 to 125
[0625/150634.650:WARNING:used_ids.h(55)] Duplicate id found. Reassigning from 104 to 124
[0625/150634.650:WARNING:used_ids.h(55)] Duplicate id found. Reassigning from 106 to 123
[0625/150634.650:WARNING:used_ids.h(55)] Duplicate id found. Reassigning from 110 to 122
[0625/150634.652:WARNING:used_ids.h(55)] Duplicate id found. Reassigning from 103 to 121
[0625/150634.652:WARNING:used_ids.h(55)] Duplicate id found. Reassigning from 105 to 120
[0625/150634.652:WARNING:used_ids.h(55)] Duplicate id found. Reassigning from 111 to 119
[0625/150634.652:WARNING:used_ids.h(55)] Duplicate id found. Reassigning from 1 to 14
[0625/150634.652:WARNING:used_ids.h(55)] Duplicate id found. Reassigning from 3 to 13
[0625/150634.652:WARNING:used_ids.h(55)] Duplicate id found. Reassigning from 5 to 12
[0625/150634.652:WARNING:used_ids.h(55)] Duplicate id found. Reassigning from 6 to 11
[0625/150634.654:ERROR:audio_rtp_receiver.cc(88)] AudioRtpReceiver::OnSetVolume: No audio channel exists.
[0625/150642.431:ERROR:audio_rtp_receiver.cc(88)] AudioRtpReceiver::OnSetVolume: No audio channel exists.
[0625/150642.431:WARNING:used_ids.h(55)] Duplicate id found. Reassigning from 104 to 127
[0625/150642.431:WARNING:used_ids.h(55)] Duplicate id found. Reassigning from 102 to 125
[0625/150642.431:WARNING:used_ids.h(55)] Duplicate id found. Reassigning from 104 to 124
[0625/150642.431:WARNING:used_ids.h(55)] Duplicate id found. Reassigning from 106 to 123
[0625/150642.431:WARNING:used_ids.h(55)] Duplicate id found. Reassigning from 110 to 122
[0625/150642.431:WARNING:used_ids.h(55)] Duplicate id found. Reassigning from 103 to 121
[0625/150642.431:WARNING:used_ids.h(55)] Duplicate id found. Reassigning from 105 to 120
[0625/150642.431:WARNING:used_ids.h(55)] Duplicate id found. Reassigning from 111 to 119
[0625/150642.431:WARNING:used_ids.h(55)] Duplicate id found. Reassigning from 1 to 14
[0625/150642.431:WARNING:used_ids.h(55)] Duplicate id found. Reassigning from 3 to 13
[0625/150642.431:WARNING:used_ids.h(55)] Duplicate id found. Reassigning from 5 to 12
[0625/150642.431:WARNING:used_ids.h(55)] Duplicate id found. Reassigning from 6 to 11
[0625/150743.387:ERROR:gpu_init.cc(426)] Passthrough is not supported, GL is disabled
