<<<<<<< Updated upstream
[0628/184959.451:WARNING:value_store_frontend.cc(45)] Reading mhjfbmdgcfjbbpaeojofohoefgiehjai.alarms from  failed: IO error: .../MANIFEST-000001: Unable to create sequential file (ChromeMethodBFE: 7::NewSequentialFile::1)
[0628/185156.945:ERROR:gpu_init.cc(426)] Passthrough is not supported, GL is disabled
=======
[0628/191045.545:ERROR:os_crypt_win.cc(93)] Failed to decrypt: Key not valid for use in specified state. (0x8009000B)
[0628/191046.475:ERROR:backend_impl.cc(1041)] Critical error found -8
[0628/191046.659:WARNING:storage_block-inl.h(146)] Failed data load.
[0628/191046.660:WARNING:storage_block-inl.h(146)] Failed data load.
[0628/191046.660:WARNING:storage_block-inl.h(146)] Failed data load.
[0628/191046.661:WARNING:storage_block-inl.h(146)] Failed data load.
[0628/191046.662:ERROR:entry_impl.cc(998)] Failed to save user data
[0628/191046.662:ERROR:entry_impl.cc(998)] Failed to save user data
[0628/191048.603:WARNING:value_store_frontend.cc(45)] Reading mhjfbmdgcfjbbpaeojofohoefgiehjai.alarms from  failed: IO error: .../MANIFEST-000001: Unable to create sequential file (ChromeMethodBFE: 7::NewSequentialFile::1)
[0628/191205.304:WARNING:used_ids.h(55)] Duplicate id found. Reassigning from 104 to 127
[0628/191205.305:WARNING:used_ids.h(55)] Duplicate id found. Reassigning from 102 to 125
[0628/191205.305:WARNING:used_ids.h(55)] Duplicate id found. Reassigning from 104 to 124
[0628/191205.305:WARNING:used_ids.h(55)] Duplicate id found. Reassigning from 106 to 123
[0628/191205.305:WARNING:used_ids.h(55)] Duplicate id found. Reassigning from 110 to 122
[0628/191205.305:WARNING:used_ids.h(55)] Duplicate id found. Reassigning from 103 to 121
[0628/191205.305:WARNING:used_ids.h(55)] Duplicate id found. Reassigning from 105 to 120
[0628/191205.305:WARNING:used_ids.h(55)] Duplicate id found. Reassigning from 111 to 119
[0628/191205.306:WARNING:used_ids.h(55)] Duplicate id found. Reassigning from 1 to 14
[0628/191205.306:WARNING:used_ids.h(55)] Duplicate id found. Reassigning from 3 to 13
[0628/191205.306:WARNING:used_ids.h(55)] Duplicate id found. Reassigning from 5 to 12
[0628/191205.306:WARNING:used_ids.h(55)] Duplicate id found. Reassigning from 6 to 11
[0628/191205.307:ERROR:audio_rtp_receiver.cc(88)] AudioRtpReceiver::OnSetVolume: No audio channel exists.
[0628/191245.849:ERROR:gpu_init.cc(426)] Passthrough is not supported, GL is disabled
>>>>>>> Stashed changes
